     1                                 %line 1+1 example.asm
     2                                 
     3                                 [section .data]
     4                                 
     5                                 EXIT_STATUS equ 0
     6                                 SYS_exit equ 60
     7                                 
     8 00000000 00                     byte1 db 0
     9 00000001 00                     byte2 db 0
    10 00000002 00                     res db 0
    11                                 
    12                                 
    13                                 [section .text]
    14                                 [global _start]
    15                                 _start:
    16                                 
    17                                 
    18                                 
    19                                 
    20                                 
    21                                 
    22                                 
    23 00000000 48C7C03C000000          mov rax, SYS_exit
    24 00000007 48C7C700000000          mov rdi, EXIT_STATUS
    25 0000000E 0F05                    syscall
    26                                 
